{"error":"Validation failed: Invalid value","ip":"::ffff:127.0.0.1","level":"error","message":"Error occurred:","method":"POST","service":"fitconnect-api","stack":"Error: Validation failed: Invalid value\n    at createError (/Users/silentfox/Work/fit_app/backend/src/middleware/errorHandler.ts:43:17)\n    at validateRequest (/Users/silentfox/Work/fit_app/backend/src/middleware/validation.ts:14:22)\n    at Layer.handle [as handle_request] (/Users/silentfox/Work/fit_app/backend/node_modules/express/lib/router/layer.js:95:5)\n    at next (/Users/silentfox/Work/fit_app/backend/node_modules/express/lib/router/route.js:149:13)\n    at middleware (/Users/silentfox/Work/fit_app/backend/node_modules/express-validator/lib/middlewares/check.js:16:13)\n    at processTicksAndRejections (node:internal/process/task_queues:95:5)","timestamp":"2025-07-05T10:35:22.208Z","url":"/auth/signup"}
{"error":"Validation failed: Invalid value","ip":"::ffff:127.0.0.1","level":"error","message":"Error occurred:","method":"POST","service":"fitconnect-api","stack":"Error: Validation failed: Invalid value\n    at createError (/Users/silentfox/Work/fit_app/backend/src/middleware/errorHandler.ts:43:17)\n    at validateRequest (/Users/silentfox/Work/fit_app/backend/src/middleware/validation.ts:14:22)\n    at Layer.handle [as handle_request] (/Users/silentfox/Work/fit_app/backend/node_modules/express/lib/router/layer.js:95:5)\n    at next (/Users/silentfox/Work/fit_app/backend/node_modules/express/lib/router/route.js:149:13)\n    at middleware (/Users/silentfox/Work/fit_app/backend/node_modules/express-validator/lib/middlewares/check.js:16:13)\n    at processTicksAndRejections (node:internal/process/task_queues:95:5)","timestamp":"2025-07-05T10:35:22.214Z","url":"/auth/signup"}
{"error":"Validation failed: Invalid value","ip":"::ffff:127.0.0.1","level":"error","message":"Error occurred:","method":"POST","service":"fitconnect-api","stack":"Error: Validation failed: Invalid value\n    at createError (/Users/silentfox/Work/fit_app/backend/src/middleware/errorHandler.ts:43:17)\n    at validateRequest (/Users/silentfox/Work/fit_app/backend/src/middleware/validation.ts:14:22)\n    at Layer.handle [as handle_request] (/Users/silentfox/Work/fit_app/backend/node_modules/express/lib/router/layer.js:95:5)\n    at next (/Users/silentfox/Work/fit_app/backend/node_modules/express/lib/router/route.js:149:13)\n    at middleware (/Users/silentfox/Work/fit_app/backend/node_modules/express-validator/lib/middlewares/check.js:16:13)\n    at processTicksAndRejections (node:internal/process/task_queues:95:5)","timestamp":"2025-07-05T10:35:22.218Z","url":"/auth/login"}
{"error":"Validation failed: Invalid value","ip":"::ffff:127.0.0.1","level":"error","message":"Error occurred:","method":"POST","service":"fitconnect-api","stack":"Error: Validation failed: Invalid value\n    at createError (/Users/silentfox/Work/fit_app/backend/src/middleware/errorHandler.ts:43:17)\n    at validateRequest (/Users/silentfox/Work/fit_app/backend/src/middleware/validation.ts:14:22)\n    at Layer.handle [as handle_request] (/Users/silentfox/Work/fit_app/backend/node_modules/express/lib/router/layer.js:95:5)\n    at next (/Users/silentfox/Work/fit_app/backend/node_modules/express/lib/router/route.js:149:13)\n    at middleware (/Users/silentfox/Work/fit_app/backend/node_modules/express-validator/lib/middlewares/check.js:16:13)\n    at processTicksAndRejections (node:internal/process/task_queues:95:5)","timestamp":"2025-07-05T10:36:58.770Z","url":"/auth/signup"}
{"error":"Validation failed: Invalid value","ip":"::ffff:127.0.0.1","level":"error","message":"Error occurred:","method":"POST","service":"fitconnect-api","stack":"Error: Validation failed: Invalid value\n    at createError (/Users/silentfox/Work/fit_app/backend/src/middleware/errorHandler.ts:43:17)\n    at validateRequest (/Users/silentfox/Work/fit_app/backend/src/middleware/validation.ts:14:22)\n    at Layer.handle [as handle_request] (/Users/silentfox/Work/fit_app/backend/node_modules/express/lib/router/layer.js:95:5)\n    at next (/Users/silentfox/Work/fit_app/backend/node_modules/express/lib/router/route.js:149:13)\n    at middleware (/Users/silentfox/Work/fit_app/backend/node_modules/express-validator/lib/middlewares/check.js:16:13)\n    at processTicksAndRejections (node:internal/process/task_queues:95:5)","timestamp":"2025-07-05T10:36:58.774Z","url":"/auth/signup"}
{"error":"Validation failed: Invalid value","ip":"::ffff:127.0.0.1","level":"error","message":"Error occurred:","method":"POST","service":"fitconnect-api","stack":"Error: Validation failed: Invalid value\n    at createError (/Users/silentfox/Work/fit_app/backend/src/middleware/errorHandler.ts:43:17)\n    at validateRequest (/Users/silentfox/Work/fit_app/backend/src/middleware/validation.ts:14:22)\n    at Layer.handle [as handle_request] (/Users/silentfox/Work/fit_app/backend/node_modules/express/lib/router/layer.js:95:5)\n    at next (/Users/silentfox/Work/fit_app/backend/node_modules/express/lib/router/route.js:149:13)\n    at middleware (/Users/silentfox/Work/fit_app/backend/node_modules/express-validator/lib/middlewares/check.js:16:13)\n    at processTicksAndRejections (node:internal/process/task_queues:95:5)","timestamp":"2025-07-05T10:36:58.778Z","url":"/auth/login"}
{"level":"info","message":"🚀 FitConnect Mock API server running on port 3001","service":"fitconnect-api","timestamp":"2025-07-05T10:44:00.080Z"}
{"level":"info","message":"📊 Environment: development","service":"fitconnect-api","timestamp":"2025-07-05T10:44:00.082Z"}
{"level":"info","message":"🔗 API URL: http://localhost:3001/api/v1","service":"fitconnect-api","timestamp":"2025-07-05T10:44:00.082Z"}
{"level":"info","message":"✅ Mock server ready - no database required","service":"fitconnect-api","timestamp":"2025-07-05T10:44:00.082Z"}
{"level":"info","message":"🚀 FitConnect Mock API server running on port 3001","service":"fitconnect-api","timestamp":"2025-07-05T10:54:41.508Z"}
{"level":"info","message":"📊 Environment: development","service":"fitconnect-api","timestamp":"2025-07-05T10:54:41.510Z"}
{"level":"info","message":"🔗 API URL: http://localhost:3001/api/v1","service":"fitconnect-api","timestamp":"2025-07-05T10:54:41.510Z"}
{"level":"info","message":"✅ Mock server ready - no database required","service":"fitconnect-api","timestamp":"2025-07-05T10:54:41.510Z"}
{"level":"info","message":"🚀 FitConnect Mock API server running on port 3001","service":"fitconnect-api","timestamp":"2025-07-05T11:04:39.472Z"}
{"level":"info","message":"📊 Environment: development","service":"fitconnect-api","timestamp":"2025-07-05T11:04:39.473Z"}
{"level":"info","message":"🔗 API URL: http://localhost:3001/api/v1","service":"fitconnect-api","timestamp":"2025-07-05T11:04:39.473Z"}
{"level":"info","message":"✅ Mock server ready - no database required","service":"fitconnect-api","timestamp":"2025-07-05T11:04:39.473Z"}
{"level":"info","message":"🚀 FitConnect Mock API server running on port 3001","service":"fitconnect-api","timestamp":"2025-07-05T11:05:40.809Z"}
{"level":"info","message":"📊 Environment: development","service":"fitconnect-api","timestamp":"2025-07-05T11:05:40.810Z"}
{"level":"info","message":"🔗 API URL: http://localhost:3001/api/v1","service":"fitconnect-api","timestamp":"2025-07-05T11:05:40.810Z"}
{"level":"info","message":"✅ Mock server ready - no database required","service":"fitconnect-api","timestamp":"2025-07-05T11:05:40.810Z"}
{"level":"info","message":"🚀 FitConnect Mock API server running on port 3001","service":"fitconnect-api","timestamp":"2025-07-05T11:08:32.687Z"}
{"level":"info","message":"📊 Environment: development","service":"fitconnect-api","timestamp":"2025-07-05T11:08:32.689Z"}
{"level":"info","message":"🔗 API URL: http://localhost:3001/api/v1","service":"fitconnect-api","timestamp":"2025-07-05T11:08:32.689Z"}
{"level":"info","message":"✅ Mock server ready - no database required","service":"fitconnect-api","timestamp":"2025-07-05T11:08:32.689Z"}
{"level":"info","message":"🚀 FitConnect Mock API server running on port 3001","service":"fitconnect-api","timestamp":"2025-07-05T13:06:18.785Z"}
{"level":"info","message":"📊 Environment: development","service":"fitconnect-api","timestamp":"2025-07-05T13:06:18.786Z"}
{"level":"info","message":"🔗 API URL: http://localhost:3001/api/v1","service":"fitconnect-api","timestamp":"2025-07-05T13:06:18.787Z"}
{"level":"info","message":"✅ Mock server ready - no database required","service":"fitconnect-api","timestamp":"2025-07-05T13:06:18.787Z"}
{"error":"Access token required","ip":"::1","level":"error","message":"Error occurred:","method":"GET","service":"fitconnect-api","stack":"Error: Access token required\n    at createError (/Users/silentfox/Work/fit_app/backend/src/middleware/errorHandler.ts:43:17)\n    at authenticateToken (/Users/silentfox/Work/fit_app/backend/src/middleware/auth.ts:26:24)\n    at Layer.handle [as handle_request] (/Users/silentfox/Work/fit_app/backend/node_modules/express/lib/router/layer.js:95:5)\n    at trim_prefix (/Users/silentfox/Work/fit_app/backend/node_modules/express/lib/router/index.js:328:13)\n    at /Users/silentfox/Work/fit_app/backend/node_modules/express/lib/router/index.js:286:9\n    at Function.process_params (/Users/silentfox/Work/fit_app/backend/node_modules/express/lib/router/index.js:346:12)\n    at next (/Users/silentfox/Work/fit_app/backend/node_modules/express/lib/router/index.js:280:10)\n    at Function.handle (/Users/silentfox/Work/fit_app/backend/node_modules/express/lib/router/index.js:175:3)\n    at router (/Users/silentfox/Work/fit_app/backend/node_modules/express/lib/router/index.js:47:12)\n    at Layer.handle [as handle_request] (/Users/silentfox/Work/fit_app/backend/node_modules/express/lib/router/layer.js:95:5)","timestamp":"2025-07-05T13:11:31.905Z","url":"/api/v1/analytics/progress","userAgent":"curl/8.7.1"}
{"level":"info","message":"🚀 FitConnect Mock API server running on port 3001","service":"fitconnect-api","timestamp":"2025-07-05T13:11:43.078Z"}
{"level":"info","message":"📊 Environment: development","service":"fitconnect-api","timestamp":"2025-07-05T13:11:43.080Z"}
{"level":"info","message":"🔗 API URL: http://localhost:3001/api/v1","service":"fitconnect-api","timestamp":"2025-07-05T13:11:43.080Z"}
{"level":"info","message":"✅ Mock server ready - no database required","service":"fitconnect-api","timestamp":"2025-07-05T13:11:43.080Z"}
{"level":"info","message":"🚀 FitConnect Mock API server running on port 3001","service":"fitconnect-api","timestamp":"2025-07-05T13:11:54.595Z"}
{"level":"info","message":"📊 Environment: development","service":"fitconnect-api","timestamp":"2025-07-05T13:11:54.596Z"}
{"level":"info","message":"🔗 API URL: http://localhost:3001/api/v1","service":"fitconnect-api","timestamp":"2025-07-05T13:11:54.596Z"}
{"level":"info","message":"✅ Mock server ready - no database required","service":"fitconnect-api","timestamp":"2025-07-05T13:11:54.597Z"}
{"level":"info","message":"🚀 FitConnect Mock API server running on port 3001","service":"fitconnect-api","timestamp":"2025-07-05T13:26:50.394Z"}
{"level":"info","message":"📊 Environment: development","service":"fitconnect-api","timestamp":"2025-07-05T13:26:50.396Z"}
{"level":"info","message":"🔗 API URL: http://localhost:3001/api/v1","service":"fitconnect-api","timestamp":"2025-07-05T13:26:50.396Z"}
{"level":"info","message":"✅ Mock server ready - no database required","service":"fitconnect-api","timestamp":"2025-07-05T13:26:50.396Z"}
{"level":"info","message":"🚀 FitConnect Mock API server running on port 3001","service":"fitconnect-api","timestamp":"2025-07-05T13:27:13.619Z"}
{"level":"info","message":"📊 Environment: development","service":"fitconnect-api","timestamp":"2025-07-05T13:27:13.621Z"}
{"level":"info","message":"🔗 API URL: http://localhost:3001/api/v1","service":"fitconnect-api","timestamp":"2025-07-05T13:27:13.621Z"}
{"level":"info","message":"✅ Mock server ready - no database required","service":"fitconnect-api","timestamp":"2025-07-05T13:27:13.621Z"}
{"level":"info","message":"🚀 FitConnect Mock API server running on port 3001","service":"fitconnect-api","timestamp":"2025-07-05T13:31:24.770Z"}
{"level":"info","message":"📊 Environment: development","service":"fitconnect-api","timestamp":"2025-07-05T13:31:24.772Z"}
{"level":"info","message":"🔗 API URL: http://localhost:3001/api/v1","service":"fitconnect-api","timestamp":"2025-07-05T13:31:24.772Z"}
{"level":"info","message":"✅ Mock server ready - no database required","service":"fitconnect-api","timestamp":"2025-07-05T13:31:24.772Z"}
{"level":"info","message":"🚀 FitConnect Mock API server running on port 3001","service":"fitconnect-api","timestamp":"2025-07-05T15:26:03.085Z"}
{"level":"info","message":"📊 Environment: development","service":"fitconnect-api","timestamp":"2025-07-05T15:26:03.086Z"}
{"level":"info","message":"🔗 API URL: http://localhost:3001/api/v1","service":"fitconnect-api","timestamp":"2025-07-05T15:26:03.087Z"}
{"level":"info","message":"✅ Mock server ready - no database required","service":"fitconnect-api","timestamp":"2025-07-05T15:26:03.087Z"}
